<?xml version="1.0" encoding="UTF-8"?>
<!-- Generated by org.testng.reporters.JUnitReportReporter -->
<testsuite hostname="DESKTOP-5TV9RKF" failures="0" tests="8" name="testRunner.TestRunner" time="8.714" errors="4" timestamp="2024-08-18T17:18:32 EEST" skipped="0">
  <testcase classname="testRunner.TestRunner" name="runScenario" time="1.624">
    <error message="Conversion = &#039;&#039;&#039;" type="java.util.UnknownFormatConversionException">
      <![CDATA[java.util.UnknownFormatConversionException: Conversion = '''
at java.base/java.util.Formatter.parse(Formatter.java:2750)
at java.base/java.util.Formatter.format(Formatter.java:2671)
at java.base/java.util.Formatter.format(Formatter.java:2625)
at java.base/java.lang.String.format(String.java:4143)
at org.assertj.core.util.Strings.formatIfArgs(Strings.java:86)
at org.assertj.core.description.TextDescription.value(TextDescription.java:51)
at org.assertj.core.error.DescriptionFormatter.format(DescriptionFormatter.java:47)
at org.assertj.core.error.MessageFormatter.format(MessageFormatter.java:61)
at org.assertj.core.error.ShouldBeEqual.smartErrorMessage(ShouldBeEqual.java:169)
at org.assertj.core.error.ShouldBeEqual.newAssertionError(ShouldBeEqual.java:117)
at org.assertj.core.internal.Failures.failure(Failures.java:105)
at org.assertj.core.internal.Objects.assertEqual(Objects.java:220)
at org.assertj.core.api.AbstractAssert.isEqualTo(AbstractAssert.java:369)
at org.assertj.core.api.AbstractStringAssert.isEqualTo(AbstractStringAssert.java:416)
at stepdefinitions.LoginStepDefinitions.iShouldSeeAnErrorMessage(LoginStepDefinitions.java:38)
at ✽.I should see an error message 'Username is required'(file:///E:/sam/finalTask/src/test/resources/features/first.feature:10)
]]>
    </error>
  </testcase> <!-- runScenario -->
  <testcase classname="testRunner.TestRunner" name="runScenario" time="0.356">
    <error message="Conversion = &#039;&#039;&#039;" type="java.util.UnknownFormatConversionException">
      <![CDATA[java.util.UnknownFormatConversionException: Conversion = '''
at java.base/java.util.Formatter.parse(Formatter.java:2750)
at java.base/java.util.Formatter.format(Formatter.java:2671)
at java.base/java.util.Formatter.format(Formatter.java:2625)
at java.base/java.lang.String.format(String.java:4143)
at org.assertj.core.util.Strings.formatIfArgs(Strings.java:86)
at org.assertj.core.description.TextDescription.value(TextDescription.java:51)
at org.assertj.core.error.DescriptionFormatter.format(DescriptionFormatter.java:47)
at org.assertj.core.error.MessageFormatter.format(MessageFormatter.java:61)
at org.assertj.core.error.ShouldBeEqual.smartErrorMessage(ShouldBeEqual.java:169)
at org.assertj.core.error.ShouldBeEqual.newAssertionError(ShouldBeEqual.java:117)
at org.assertj.core.internal.Failures.failure(Failures.java:105)
at org.assertj.core.internal.Objects.assertEqual(Objects.java:220)
at org.assertj.core.api.AbstractAssert.isEqualTo(AbstractAssert.java:369)
at org.assertj.core.api.AbstractStringAssert.isEqualTo(AbstractStringAssert.java:416)
at stepdefinitions.LoginStepDefinitions.iShouldSeeAnErrorMessage(LoginStepDefinitions.java:38)
at ✽.I should see an error message 'Password is required'(file:///E:/sam/finalTask/src/test/resources/features/first.feature:23)
]]>
    </error>
  </testcase> <!-- runScenario -->
  <testcase classname="testRunner.TestRunner" name="runScenario" time="0.196"/>
  <testcase classname="testRunner.TestRunner" name="runScenario" time="0.380">
    <error message="Conversion = &#039;&#039;&#039;" type="java.util.UnknownFormatConversionException">
      <![CDATA[java.util.UnknownFormatConversionException: Conversion = '''
at java.base/java.util.Formatter.parse(Formatter.java:2750)
at java.base/java.util.Formatter.format(Formatter.java:2671)
at java.base/java.util.Formatter.format(Formatter.java:2625)
at java.base/java.lang.String.format(String.java:4143)
at org.assertj.core.util.Strings.formatIfArgs(Strings.java:86)
at org.assertj.core.description.TextDescription.value(TextDescription.java:51)
at org.assertj.core.error.DescriptionFormatter.format(DescriptionFormatter.java:47)
at org.assertj.core.error.MessageFormatter.format(MessageFormatter.java:61)
at org.assertj.core.error.ShouldBeEqual.smartErrorMessage(ShouldBeEqual.java:169)
at org.assertj.core.error.ShouldBeEqual.newAssertionError(ShouldBeEqual.java:117)
at org.assertj.core.internal.Failures.failure(Failures.java:105)
at org.assertj.core.internal.Objects.assertEqual(Objects.java:220)
at org.assertj.core.api.AbstractAssert.isEqualTo(AbstractAssert.java:369)
at org.assertj.core.api.AbstractStringAssert.isEqualTo(AbstractStringAssert.java:416)
at stepdefinitions.LoginStepDefinitions.iShouldSeeAnErrorMessage(LoginStepDefinitions.java:38)
at ✽.I should see an error message 'Password is required'(file:///E:/sam/finalTask/src/test/resources/features/first.feature:23)
]]>
    </error>
  </testcase> <!-- runScenario -->
  <testcase classname="testRunner.TestRunner" name="runScenario" time="0.232"/>
  <testcase classname="testRunner.TestRunner" name="runScenario" time="5.226"/>
  <testcase classname="testRunner.TestRunner" name="runScenario" time="0.512">
    <error message="Conversion = &#039;&#039;&#039;" type="java.util.UnknownFormatConversionException">
      <![CDATA[java.util.UnknownFormatConversionException: Conversion = '''
at java.base/java.util.Formatter.parse(Formatter.java:2750)
at java.base/java.util.Formatter.format(Formatter.java:2671)
at java.base/java.util.Formatter.format(Formatter.java:2625)
at java.base/java.lang.String.format(String.java:4143)
at org.assertj.core.util.Strings.formatIfArgs(Strings.java:86)
at org.assertj.core.description.TextDescription.value(TextDescription.java:51)
at org.assertj.core.error.DescriptionFormatter.format(DescriptionFormatter.java:47)
at org.assertj.core.error.MessageFormatter.format(MessageFormatter.java:61)
at org.assertj.core.error.ShouldBeEqual.smartErrorMessage(ShouldBeEqual.java:169)
at org.assertj.core.error.ShouldBeEqual.newAssertionError(ShouldBeEqual.java:117)
at org.assertj.core.internal.Failures.failure(Failures.java:105)
at org.assertj.core.internal.Objects.assertEqual(Objects.java:220)
at org.assertj.core.api.AbstractAssert.isEqualTo(AbstractAssert.java:369)
at org.assertj.core.api.AbstractStringAssert.isEqualTo(AbstractStringAssert.java:416)
at stepdefinitions.LoginStepDefinitions.iShouldSeeAnErrorMessage(LoginStepDefinitions.java:38)
at ✽.I should see an error message 'Username is required'(file:///E:/sam/finalTask/src/test/resources/features/first.feature:10)
]]>
    </error>
  </testcase> <!-- runScenario -->
  <testcase classname="testRunner.TestRunner" name="runScenario" time="0.188"/>
</testsuite> <!-- testRunner.TestRunner -->
